\BOOKMARK [1][-]{section.1}{\376\377\000A\000b\000s\000t\000r\000a\000c\000t}{}% 1
\BOOKMARK [1][-]{section.2}{\376\377\000I\000n\000t\000r\000o\000d\000u\000c\000t\000i\000o\000n}{}% 2
\BOOKMARK [2][-]{subsection.2.1}{\376\377\000B\000a\000c\000k\000g\000r\000o\000u\000n\000d}{section.2}% 3
\BOOKMARK [2][-]{subsection.2.2}{\376\377\000O\000b\000j\000e\000c\000t\000i\000v\000e\000s}{section.2}% 4
\BOOKMARK [3][-]{subsubsection.2.2.1}{\376\377\000R\000e\000s\000e\000a\000r\000c\000h\000\040\000Q\000u\000e\000s\000t\000i\000o\000n}{subsection.2.2}% 5
\BOOKMARK [3][-]{subsubsection.2.2.2}{\376\377\000H\000y\000p\000o\000t\000h\000e\000s\000i\000s}{subsection.2.2}% 6
\BOOKMARK [3][-]{subsubsection.2.2.3}{\376\377\000N\000u\000l\000l\000\040\000h\000y\000p\000o\000t\000h\000e\000s\000i\000s}{subsection.2.2}% 7
\BOOKMARK [2][-]{subsection.2.3}{\376\377\000A\000i\000m\000s\000\040\000a\000n\000d\000\040\000O\000u\000t\000c\000o\000m\000e\000s}{section.2}% 8
\BOOKMARK [1][-]{section.3}{\376\377\000M\000e\000t\000h\000o\000d\000s}{}% 9
\BOOKMARK [2][-]{subsection.3.1}{\376\377\000D\000e\000s\000i\000g\000n}{section.3}% 10
\BOOKMARK [2][-]{subsection.3.2}{\376\377\000S\000e\000a\000r\000c\000h\000\040\000S\000t\000r\000a\000t\000e\000g\000y}{section.3}% 11
\BOOKMARK [2][-]{subsection.3.3}{\376\377\000E\000l\000i\000g\000i\000b\000i\000l\000i\000t\000y\000\040\000C\000r\000i\000t\000e\000r\000i\000a}{section.3}% 12
\BOOKMARK [3][-]{subsubsection.3.3.1}{\376\377\000O\000u\000t\000c\000o\000m\000e\000s\000\040\000o\000f\000\040\000I\000n\000t\000e\000r\000e\000s\000t}{subsection.3.3}% 13
\BOOKMARK [2][-]{subsection.3.4}{\376\377\000S\000t\000u\000d\000y\000\040\000s\000e\000l\000e\000c\000t\000i\000o\000n}{section.3}% 14
\BOOKMARK [3][-]{subsubsection.3.4.1}{\376\377\000P\000R\000I\000S\000M\000A\000\040\000D\000i\000a\000g\000r\000a\000m}{subsection.3.4}% 15
\BOOKMARK [2][-]{subsection.3.5}{\376\377\000D\000a\000t\000a\000\040\000C\000o\000l\000l\000e\000c\000t\000i\000o\000n\000\040\000P\000r\000o\000c\000e\000s\000s}{section.3}% 16
\BOOKMARK [3][-]{subsubsection.3.5.1}{\376\377\000P\000r\000i\000s\000o\000n\000e\000r\000\040\000S\000t\000a\000t\000u\000s\000\040\000\050\000I\000s\000\137\000P\000r\000i\000s\000o\000n\000e\000r\000\051}{subsection.3.5}% 17
\BOOKMARK [3][-]{subsubsection.3.5.2}{\376\377\000P\000s\000y\000c\000h\000i\000a\000t\000r\000i\000c\000\040\000H\000i\000s\000t\000o\000r\000y\000\040\000\050\000P\000s\000y\000c\000h\000\137\000H\000x\000\051}{subsection.3.5}% 18
\BOOKMARK [3][-]{subsubsection.3.5.3}{\376\377\000D\000i\000s\000p\000l\000a\000c\000e\000m\000e\000n\000t\000\040\000S\000t\000a\000t\000u\000s\000\040\000\050\000I\000s\000\137\000D\000i\000s\000p\000l\000a\000c\000e\000d\000\137\000P\000e\000r\000s\000o\000n\000\051}{subsection.3.5}% 19
\BOOKMARK [3][-]{subsubsection.3.5.4}{\376\377\000A\000l\000c\000o\000h\000o\000l\000\040\000I\000n\000f\000l\000u\000e\000n\000c\000e\000\040\000\050\000U\000n\000d\000e\000r\000\137\000I\000n\000f\000l\000u\000e\000n\000c\000e\000\137\000A\000l\000c\000o\000h\000o\000l\000\051}{subsection.3.5}% 20
\BOOKMARK [3][-]{subsubsection.3.5.5}{\376\377\000P\000s\000y\000c\000h\000i\000a\000t\000r\000i\000c\000\040\000I\000n\000p\000a\000t\000i\000e\000n\000t\000s\000\040\000\050\000I\000s\000\137\000P\000s\000y\000c\000h\000\137\000I\000n\000p\000a\000t\000\051}{subsection.3.5}% 21
\BOOKMARK [3][-]{subsubsection.3.5.6}{\376\377\000S\000e\000v\000e\000r\000e\000\040\000D\000i\000s\000a\000b\000i\000l\000i\000t\000y\000\040\000H\000i\000s\000t\000o\000r\000y\000\040\000\050\000S\000e\000v\000e\000r\000e\000\137\000D\000i\000s\000a\000b\000i\000l\000i\000t\000y\000\137\000H\000x\000\051}{subsection.3.5}% 22
\BOOKMARK [3][-]{subsubsection.3.5.7}{\376\377\000H\000i\000s\000t\000o\000r\000y\000\040\000o\000f\000\040\000P\000r\000e\000v\000i\000o\000u\000s\000\040\000I\000n\000g\000e\000s\000t\000i\000o\000n\000s\000\040\000\050\000P\000r\000e\000v\000i\000o\000u\000s\000\137\000I\000n\000g\000e\000s\000t\000i\000o\000n\000s\000\051}{subsection.3.5}% 23
\BOOKMARK [3][-]{subsubsection.3.5.8}{\376\377\000M\000o\000t\000i\000v\000a\000t\000i\000o\000n\000\040\000-\000\040\000I\000n\000t\000e\000n\000t\000\040\000t\000o\000\040\000H\000a\000r\000m\000\040\000\050\000M\000o\000t\000i\000v\000a\000t\000i\000o\000n\000\137\000I\000n\000t\000e\000n\000t\000\137\000T\000o\000\137\000H\000a\000r\000m\000\051}{subsection.3.5}% 24
\BOOKMARK [3][-]{subsubsection.3.5.9}{\376\377\000M\000o\000t\000i\000v\000a\000t\000i\000o\000n\000\040\000-\000\040\000P\000r\000o\000t\000e\000s\000t\000\040\000\050\000M\000o\000t\000i\000v\000a\000t\000i\000o\000n\000\137\000P\000r\000o\000t\000e\000s\000t\000\051}{subsection.3.5}% 25
\BOOKMARK [3][-]{subsubsection.3.5.10}{\376\377\000M\000o\000t\000i\000v\000a\000t\000i\000o\000n\000\040\000-\000\040\000P\000s\000y\000c\000h\000i\000a\000t\000r\000i\000c\000\040\000\050\000M\000o\000t\000i\000v\000a\000t\000i\000o\000n\000\137\000P\000s\000y\000c\000h\000i\000a\000t\000r\000i\000c\000\051}{subsection.3.5}% 26
\BOOKMARK [3][-]{subsubsection.3.5.11}{\376\377\000M\000o\000t\000i\000v\000a\000t\000i\000o\000n\000\040\000-\000\040\000U\000n\000k\000n\000o\000w\000n\000\040\000\050\000M\000o\000t\000i\000v\000a\000t\000i\000o\000n\000\137\000U\000n\000k\000n\000o\000w\000n\000\051}{subsection.3.5}% 27
\BOOKMARK [3][-]{subsubsection.3.5.12}{\376\377\000O\000b\000j\000e\000c\000t\000\040\000-\000\040\000B\000u\000t\000t\000o\000n\000\040\000B\000a\000t\000t\000e\000r\000i\000e\000s\000\040\000\050\000O\000b\000j\000e\000c\000t\000\137\000B\000u\000t\000t\000o\000n\000\137\000B\000a\000t\000t\000e\000r\000y\000\051}{subsection.3.5}% 28
\BOOKMARK [3][-]{subsubsection.3.5.13}{\376\377\000O\000b\000j\000e\000c\000t\000\040\000-\000\040\000M\000a\000g\000n\000e\000t\000s\000\040\000\050\000O\000b\000j\000e\000c\000t\000\137\000M\000a\000g\000n\000e\000t\000\051}{subsection.3.5}% 29
\BOOKMARK [3][-]{subsubsection.3.5.14}{\376\377\000O\000b\000j\000e\000c\000t\000\040\000-\000\040\000L\000o\000n\000g\000\040\000\050\0005\000c\000m\000\051\000\040\000\050\000O\000b\000j\000e\000c\000t\000\137\000L\000o\000n\000g\000\051}{subsection.3.5}% 30
\BOOKMARK [3][-]{subsubsection.3.5.15}{\376\377\000O\000b\000j\000e\000c\000t\000\040\000-\000\040\000S\000h\000a\000r\000p\000\040\000\050\000O\000b\000j\000e\000c\000t\000\137\000S\000h\000a\000r\000p\000\051}{subsection.3.5}% 31
\BOOKMARK [3][-]{subsubsection.3.5.16}{\376\377\000O\000b\000j\000e\000c\000t\000\040\000-\000\040\000M\000u\000l\000t\000i\000p\000l\000e\000\040\000\050\000O\000b\000j\000e\000c\000t\000\137\000M\000u\000l\000t\000i\000p\000l\000e\000\051}{subsection.3.5}% 32
\BOOKMARK [3][-]{subsubsection.3.5.17}{\376\377\000O\000u\000t\000c\000o\000m\000e\000\040\000-\000\040\000E\000n\000d\000o\000s\000c\000o\000p\000y\000\040\000\050\000O\000u\000t\000c\000o\000m\000e\000\137\000E\000n\000d\000o\000s\000c\000o\000p\000y\000\051}{subsection.3.5}% 33
\BOOKMARK [2][-]{subsection.3.6}{\376\377\000S\000t\000u\000d\000y\000\040\000D\000a\000t\000a}{section.3}% 34
\BOOKMARK [3][-]{subsubsection.3.6.1}{\376\377\000S\000t\000u\000d\000y\000\040\000T\000y\000p\000e\000s}{subsection.3.6}% 35
\BOOKMARK [3][-]{subsubsection.3.6.2}{\376\377\000P\000u\000b\000l\000i\000c\000a\000t\000i\000o\000n\000\040\000D\000a\000t\000e\000s\000\040\000a\000n\000d\000\040\000C\000a\000s\000e\000\040\000C\000o\000u\000n\000t\000s}{subsection.3.6}% 36
\BOOKMARK [2][-]{subsection.3.7}{\376\377\000P\000o\000p\000u\000l\000a\000t\000i\000o\000n\000\040\000C\000h\000a\000r\000a\000c\000t\000e\000r\000i\000s\000t\000i\000c\000s}{section.3}% 37
\BOOKMARK [3][-]{subsubsection.3.7.1}{\376\377\000A\000g\000e}{subsection.3.7}% 38
\BOOKMARK [3][-]{subsubsection.3.7.2}{\376\377\000G\000e\000n\000d\000e\000r}{subsection.3.7}% 39
\BOOKMARK [3][-]{subsubsection.3.7.3}{\376\377\000P\000o\000p\000u\000l\000a\000t\000i\000o\000n\000\040\000S\000u\000b\000g\000r\000o\000u\000p\000s}{subsection.3.7}% 40
\BOOKMARK [2][-]{subsection.3.8}{\376\377\000O\000b\000j\000e\000c\000t\000\040\000C\000h\000a\000r\000a\000c\000t\000e\000r\000i\000s\000t\000i\000c\000s}{section.3}% 41
\BOOKMARK [3][-]{subsubsection.3.8.1}{\376\377\000S\000u\000m\000m\000a\000r\000y}{subsection.3.8}% 42
\BOOKMARK [2][-]{subsection.3.9}{\376\377\000I\000n\000g\000e\000s\000t\000i\000o\000n\000\040\000M\000o\000t\000i\000v\000a\000t\000i\000o\000n}{section.3}% 43
\BOOKMARK [3][-]{subsubsection.3.9.1}{\376\377\000S\000u\000m\000m\000a\000r\000y}{subsection.3.9}% 44
\BOOKMARK [3][-]{subsubsection.3.9.2}{\376\377\000P\000o\000p\000u\000l\000a\000t\000i\000o\000n\000\040\000S\000u\000b\000g\000r\000o\000u\000p\000\040\000M\000o\000t\000i\000v\000a\000t\000i\000o\000n}{subsection.3.9}% 45
\BOOKMARK [2][-]{subsection.3.10}{\376\377\000O\000u\000t\000c\000o\000m\000e\000s}{section.3}% 46
\BOOKMARK [3][-]{subsubsection.3.10.1}{\376\377\000S\000u\000m\000m\000a\000r\000y}{subsection.3.10}% 47
\BOOKMARK [2][-]{subsection.3.11}{\376\377\000C\000o\000n\000c\000l\000u\000s\000i\000o\000n}{section.3}% 48
\BOOKMARK [1][-]{appendix.A}{\376\377\000A\000p\000p\000e\000n\000d\000i\000x\000\040\000A\000\040\000-\000\040\000K\000e\000y\000w\000o\000r\000d\000s\000\040\000a\000n\000d\000\040\000M\000e\000S\000H\000\040\000T\000e\000r\000m\000s}{}% 49
\BOOKMARK [2][-]{subsection.A.1}{\376\377\000P\000u\000b\000M\000e\000d}{appendix.A}% 50
\BOOKMARK [2][-]{subsection.A.2}{\376\377\000E\000m\000b\000a\000s\000e}{appendix.A}% 51
\BOOKMARK [2][-]{subsection.A.3}{\376\377\000C\000o\000c\000h\000r\000a\000n\000e\000\040\000\050\000C\000E\000N\000T\000R\000A\000L\000\051}{appendix.A}% 52
\BOOKMARK [2][-]{subsection.A.4}{\376\377\000W\000e\000b\000\040\000o\000f\000\040\000S\000c\000i\000e\000n\000c\000e}{appendix.A}% 53
\BOOKMARK [2][-]{subsection.A.5}{\376\377\000S\000c\000o\000p\000u\000s}{appendix.A}% 54
\BOOKMARK [2][-]{subsection.A.6}{\376\377\000P\000s\000y\000c\000I\000N\000F\000O}{appendix.A}% 55
\BOOKMARK [2][-]{subsection.A.7}{\376\377\000G\000o\000o\000g\000l\000e\000\040\000S\000c\000h\000o\000l\000a\000r}{appendix.A}% 56
\BOOKMARK [1][-]{appendix.B}{\376\377\000A\000p\000p\000e\000n\000d\000i\000x\000\040\000B\000\040\000-\000\040\000S\000e\000a\000r\000c\000h\000\040\000S\000t\000r\000a\000t\000e\000g\000y}{}% 57
