\BOOKMARK [1][-]{section.1}{\376\377\000A\000b\000s\000t\000r\000a\000c\000t}{}% 1
\BOOKMARK [2][-]{subsection.1.1}{\376\377\000A\000b\000b\000r\000e\000v\000i\000a\000t\000i\000o\000n\000s}{section.1}% 2
\BOOKMARK [2][-]{subsection.1.2}{\376\377\000S\000y\000m\000b\000o\000l\000s}{section.1}% 3
\BOOKMARK [1][-]{section.2}{\376\377\000I\000n\000t\000r\000o\000d\000u\000c\000t\000i\000o\000n}{}% 4
\BOOKMARK [2][-]{subsection.2.1}{\376\377\000R\000a\000t\000i\000o\000n\000a\000l\000e}{section.2}% 5
\BOOKMARK [2][-]{subsection.2.2}{\376\377\000O\000b\000j\000e\000c\000t\000i\000v\000e\000s}{section.2}% 6
\BOOKMARK [2][-]{subsection.2.3}{\376\377\000E\000l\000i\000g\000i\000b\000i\000l\000i\000t\000y\000\040\000C\000r\000i\000t\000e\000r\000i\000a}{section.2}% 7
\BOOKMARK [2][-]{subsection.2.4}{\376\377\000I\000n\000f\000o\000r\000m\000a\000t\000i\000o\000n\000\040\000S\000o\000u\000r\000c\000e\000s}{section.2}% 8
\BOOKMARK [2][-]{subsection.2.5}{\376\377\000D\000a\000t\000a\000\040\000E\000x\000t\000r\000a\000c\000t\000i\000o\000n}{section.2}% 9
\BOOKMARK [2][-]{subsection.2.6}{\376\377\000R\000i\000s\000k\000\040\000o\000f\000\040\000B\000i\000a\000s\000\040\000A\000s\000s\000e\000s\000s\000m\000e\000n\000t}{section.2}% 10
\BOOKMARK [2][-]{subsection.2.7}{\376\377\000S\000y\000n\000t\000h\000e\000s\000i\000s\000\040\000M\000e\000t\000h\000o\000d\000s}{section.2}% 11
\BOOKMARK [1][-]{section.3}{\376\377\000R\000e\000s\000u\000l\000t\000s}{}% 12
\BOOKMARK [2][-]{subsection.3.1}{\376\377\000S\000t\000u\000d\000y\000\040\000S\000e\000l\000e\000c\000t\000i\000o\000n}{section.3}% 13
\BOOKMARK [2][-]{subsection.3.2}{\376\377\000R\000i\000s\000k\000\040\000o\000f\000\040\000B\000i\000a\000s}{section.3}% 14
\BOOKMARK [3][-]{subsubsection.3.2.1}{\376\377\000C\000a\000s\000e\000\040\000R\000e\000p\000o\000r\000t\000s}{subsection.3.2}% 15
\BOOKMARK [3][-]{subsubsection.3.2.2}{\376\377\000C\000a\000s\000e\000\040\000S\000e\000r\000i\000e\000s}{subsection.3.2}% 16
\BOOKMARK [2][-]{subsection.3.3}{\376\377\000S\000y\000t\000h\000e\000s\000i\000s}{section.3}% 17
\BOOKMARK [2][-]{subsection.3.4}{\376\377\000S\000t\000u\000d\000y\000\040\000C\000h\000a\000r\000a\000c\000t\000e\000r\000i\000s\000t\000i\000c\000s}{section.3}% 18
\BOOKMARK [3][-]{subsubsection.3.4.1}{\376\377\000C\000a\000s\000e\000\040\000R\000e\000p\000o\000r\000t\000s}{subsection.3.4}% 19
\BOOKMARK [3][-]{subsubsection.3.4.2}{\376\377\000C\000a\000s\000e\000\040\000S\000e\000r\000i\000e\000s}{subsection.3.4}% 20
\BOOKMARK [3][-]{subsubsection.3.4.3}{\376\377\000U\000n\000i\000v\000a\000r\000i\000a\000t\000e\000\040\000A\000s\000s\000o\000c\000i\000a\000t\000i\000o\000n\000\040\000T\000e\000s\000t\000i\000n\000g}{subsection.3.4}% 21
\BOOKMARK [3][-]{subsubsection.3.4.4}{\376\377\000M\000e\000t\000a\000-\000A\000n\000a\000l\000y\000s\000i\000s\000\040\000o\000f\000\040\000P\000r\000o\000p\000o\000r\000t\000i\000o\000n\000s}{subsection.3.4}% 22
\BOOKMARK [3][-]{subsubsection.3.4.5}{\376\377\000M\000e\000t\000a\000-\000R\000e\000g\000r\000e\000s\000s\000i\000o\000n}{subsection.3.4}% 23
\BOOKMARK [2][-]{subsection.3.5}{\376\377\000D\000i\000s\000c\000u\000s\000s\000i\000o\000n}{section.3}% 24
\BOOKMARK [3][-]{subsubsection.3.5.1}{\376\377\000P\000r\000o\000t\000e\000s\000t\000\040\000a\000n\000d\000\040\000i\000n\000t\000e\000n\000t\000-\000t\000o\000-\000h\000a\000r\000m\000\040\000i\000n\000\040\000d\000e\000t\000e\000n\000t\000i\000o\000n\000\040\000c\000o\000u\000l\000d\000\040\000m\000o\000d\000u\000l\000a\000t\000e\000\040\000o\000u\000t\000c\000o\000m\000e\000s}{subsection.3.5}% 25
\BOOKMARK [3][-]{subsubsection.3.5.2}{\376\377\000M\000i\000d\000d\000l\000e\000-\000a\000g\000e\000,\000\040\000p\000s\000y\000c\000h\000i\000a\000t\000r\000i\000c\000\040\000h\000i\000s\000t\000o\000r\000y\000,\000\040\000r\000e\000c\000u\000r\000r\000e\000n\000t\000\040\000i\000n\000g\000e\000s\000t\000i\000o\000n\000\040\000r\000e\000d\000u\000c\000e\000\040\000t\000h\000e\000\040\000o\000d\000d\000s\000\040\000o\000f\000\040\000s\000u\000r\000g\000e\000r\000y\000,\000\040\000b\000u\000t\000\040\000i\000n\000c\000r\000e\000a\000s\000e\000\040\000m\000o\000r\000t\000a\000l\000i\000t\000y}{subsection.3.5}% 26
\BOOKMARK [2][-]{subsection.3.6}{\376\377\000L\000i\000m\000i\000t\000a\000t\000i\000o\000n\000s}{section.3}% 27
\BOOKMARK [3][-]{subsubsection.3.6.1}{\376\377\000P\000u\000b\000l\000i\000c\000a\000t\000i\000o\000n\000\040\000b\000i\000a\000s\000,\000\040\000f\000u\000n\000n\000y\000\040\000t\000i\000t\000l\000e\000s\000\040\000a\000n\000d\000\040\000c\000o\000u\000n\000t\000e\000r\000t\000r\000a\000n\000s\000f\000e\000r\000e\000n\000c\000e\000\040\000a\000n\000g\000e\000r}{subsection.3.6}% 28
\BOOKMARK [3][-]{subsubsection.3.6.2}{\376\377\000S\000e\000l\000e\000c\000t\000i\000o\000n\000\040\000B\000i\000a\000s}{subsection.3.6}% 29
\BOOKMARK [3][-]{subsubsection.3.6.3}{\376\377\000U\000n\000m\000e\000a\000s\000u\000r\000e\000d\000\040\000c\000o\000n\000f\000o\000u\000n\000d\000i\000n\000g}{subsection.3.6}% 30
\BOOKMARK [3][-]{subsubsection.3.6.4}{\376\377\000I\000n\000f\000o\000r\000m\000a\000t\000i\000o\000n\000\040\000B\000i\000a\000s}{subsection.3.6}% 31
\BOOKMARK [2][-]{subsection.3.7}{\376\377\000C\000o\000n\000c\000l\000u\000s\000i\000o\000n}{section.3}% 32
\BOOKMARK [1][-]{section*.11}{\376\377\000A\000p\000p\000e\000n\000d\000i\000x\000\040\000A\000:\000\040\000E\000l\000i\000g\000i\000b\000i\000l\000i\000t\000y\000\040\000C\000r\000i\000t\000e\000r\000i\000a}{}% 33
\BOOKMARK [2][-]{subsection.Appendix.A.1}{\376\377\000I\000n\000c\000l\000u\000s\000i\000o\000n\000\040\000C\000r\000i\000t\000e\000r\000i\000a}{section*.11}% 34
\BOOKMARK [2][-]{subsection.Appendix.A.2}{\376\377\000E\000x\000c\000l\000u\000s\000i\000o\000n\000\040\000C\000r\000i\000t\000e\000r\000i\000a}{section*.11}% 35
\BOOKMARK [1][-]{section*.12}{\376\377\000A\000p\000p\000e\000n\000d\000i\000x\000\040\000B\000:\000\040\000S\000e\000a\000r\000c\000h\000\040\000S\000t\000r\000a\000t\000e\000g\000y}{}% 36
\BOOKMARK [2][-]{subsubsection.Appendix.B.0.1}{\376\377\000K\000e\000y\000w\000o\000r\000d\000s\000\040\000a\000n\000d\000\040\000M\000e\000S\000H\000\040\000T\000e\000r\000m}{section*.12}% 37
\BOOKMARK [3][-]{table.9}{\376\377\000P\000u\000b\000M\000e\000d}{subsubsection.Appendix.B.0.1}% 38
\BOOKMARK [3][-]{table.10}{\376\377\000E\000m\000b\000a\000s\000e}{subsubsection.Appendix.B.0.1}% 39
\BOOKMARK [3][-]{table.11}{\376\377\000C\000o\000c\000h\000r\000a\000n\000e\000\040\000\050\000C\000E\000N\000T\000R\000A\000L\000\051}{subsubsection.Appendix.B.0.1}% 40
\BOOKMARK [3][-]{table.12}{\376\377\000W\000e\000b\000\040\000o\000f\000\040\000S\000c\000i\000e\000n\000c\000e}{subsubsection.Appendix.B.0.1}% 41
\BOOKMARK [3][-]{table.13}{\376\377\000S\000c\000o\000p\000u\000s}{subsubsection.Appendix.B.0.1}% 42
\BOOKMARK [3][-]{table.14}{\376\377\000P\000s\000y\000c\000I\000N\000F\000O}{subsubsection.Appendix.B.0.1}% 43
\BOOKMARK [3][-]{table.15}{\376\377\000G\000o\000o\000g\000l\000e\000\040\000S\000c\000h\000o\000l\000a\000r}{subsubsection.Appendix.B.0.1}% 44
\BOOKMARK [1][-]{section*.22}{\376\377\000A\000p\000p\000e\000n\000d\000i\000x\000\040\000C\000:\000\040\000S\000c\000r\000e\000e\000n\000i\000n\000g\000\040\000P\000r\000o\000c\000e\000s\000s}{}% 45
\BOOKMARK [1][-]{section*.23}{\376\377\000A\000p\000p\000e\000n\000d\000i\000x\000\040\000D\000:\000\040\000C\000o\000m\000p\000u\000t\000a\000t\000i\000o\000n\000a\000l\000\040\000R\000i\000s\000k\000\040\000o\000f\000\040\000B\000i\000a\000s\000\040\000A\000s\000s\000e\000s\000s\000m\000e\000n\000t}{}% 46
\BOOKMARK [1][-]{section*.26}{\376\377\000A\000p\000p\000e\000n\000d\000i\000x\000\040\000E\000:\000\040\000D\000a\000t\000a\000\040\000E\000x\000t\000r\000a\000c\000t\000i\000o\000n}{}% 47
\BOOKMARK [2][-]{subsection.Appendix.E.1}{\376\377\000P\000r\000o\000c\000e\000s\000s}{section*.26}% 48
\BOOKMARK [2][-]{subsection.Appendix.E.2}{\376\377\000V\000a\000r\000i\000a\000b\000l\000e\000s}{section*.26}% 49
\BOOKMARK [2][-]{subsection.Appendix.E.3}{\376\377\000D\000e\000f\000i\000n\000i\000t\000i\000o\000n\000s}{section*.26}% 50
