\BOOKMARK [1][-]{section.0.1}{\376\377\000I\000n\000t\000r\000o\000d\000u\000c\000t\000i\000o\000n}{}% 1
\BOOKMARK [1][-]{section.0.2}{\376\377\000M\000e\000t\000h\000o\000d\000s}{}% 2
\BOOKMARK [2][-]{subsection.0.2.1}{\376\377\000S\000e\000a\000r\000c\000h\000\040\000S\000t\000r\000a\000t\000e\000g\000y}{section.0.2}% 3
\BOOKMARK [2][-]{subsection.0.2.2}{\376\377\000E\000l\000i\000g\000i\000b\000i\000l\000i\000t\000y\000\040\000C\000r\000i\000t\000e\000r\000i\000a}{section.0.2}% 4
\BOOKMARK [2][-]{subsection.0.2.3}{\376\377\000O\000u\000t\000c\000o\000m\000e\000s\000\040\000o\000f\000\040\000I\000n\000t\000e\000r\000e\000s\000t}{section.0.2}% 5
\BOOKMARK [2][-]{subsection.0.2.4}{\376\377\000S\000t\000u\000d\000y\000\040\000S\000e\000l\000e\000c\000t\000i\000o\000n}{section.0.2}% 6
\BOOKMARK [2][-]{subsection.0.2.5}{\376\377\000D\000a\000t\000a\000\040\000C\000o\000l\000l\000e\000c\000t\000i\000o\000n\000\040\000P\000r\000o\000c\000e\000s\000s}{section.0.2}% 7
\BOOKMARK [1][-]{section.0.3}{\376\377\000S\000o\000u\000r\000c\000e\000s}{}% 8
\BOOKMARK [2][-]{subsection.0.3.1}{\376\377\000S\000a\000m\000p\000l\000e\000\040\000S\000t\000u\000d\000y\000\040\000D\000e\000s\000i\000g\000n\000s}{section.0.3}% 9
\BOOKMARK [2][-]{subsection.0.3.2}{\376\377\000S\000a\000m\000p\000l\000e\000\040\000P\000u\000b\000l\000i\000c\000a\000t\000i\000o\000n\000/\000C\000a\000s\000e\000\040\000Y\000e\000a\000r\000s}{section.0.3}% 10
\BOOKMARK [1][-]{section.0.4}{\376\377\000R\000e\000s\000u\000l\000t\000s}{}% 11
\BOOKMARK [2][-]{subsection.0.4.1}{\376\377\000A\000g\000e\000\040\000a\000n\000d\000\040\000G\000e\000n\000d\000e\000r}{section.0.4}% 12
\BOOKMARK [2][-]{subsection.0.4.2}{\376\377\000S\000u\000b\000g\000r\000o\000u\000p\000\040\000D\000a\000t\000a}{section.0.4}% 13
\BOOKMARK [2][-]{subsection.0.4.3}{\376\377\000C\000o\000r\000r\000e\000l\000a\000t\000i\000o\000n\000s}{section.0.4}% 14
\BOOKMARK [2][-]{subsection.0.4.4}{\376\377\000A\000g\000g\000r\000e\000g\000a\000t\000e\000\040\000D\000a\000t\000a}{section.0.4}% 15
\BOOKMARK [1][-]{section.0.5}{\376\377\000K\000e\000y\000\040\000F\000i\000n\000d\000i\000n\000g\000s}{}% 16
\BOOKMARK [1][-]{section.Alph0.1}{\376\377\000A\000p\000p\000e\000n\000d\000i\000x\000\040\000A\000\040\000-\000\040\000K\000e\000y\000w\000o\000r\000d\000s\000\040\000a\000n\000d\000\040\000M\000e\000S\000H\000\040\000T\000e\000r\000m\000s}{}% 17
\BOOKMARK [2][-]{subsection.Alph0.1.1}{\376\377\000P\000u\000b\000M\000e\000d}{section.Alph0.1}% 18
\BOOKMARK [2][-]{subsection.Alph0.1.2}{\376\377\000E\000m\000b\000a\000s\000e}{section.Alph0.1}% 19
\BOOKMARK [2][-]{subsection.Alph0.1.3}{\376\377\000C\000o\000c\000h\000r\000a\000n\000e\000\040\000\050\000C\000E\000N\000T\000R\000A\000L\000\051}{section.Alph0.1}% 20
\BOOKMARK [2][-]{subsection.Alph0.1.4}{\376\377\000W\000e\000b\000\040\000o\000f\000\040\000S\000c\000i\000e\000n\000c\000e}{section.Alph0.1}% 21
\BOOKMARK [2][-]{subsection.Alph0.1.5}{\376\377\000S\000c\000o\000p\000u\000s}{section.Alph0.1}% 22
\BOOKMARK [2][-]{subsection.Alph0.1.6}{\376\377\000P\000s\000y\000c\000I\000N\000F\000O}{section.Alph0.1}% 23
\BOOKMARK [2][-]{subsection.Alph0.1.7}{\376\377\000G\000o\000o\000g\000l\000e\000\040\000S\000c\000h\000o\000l\000a\000r}{section.Alph0.1}% 24
